<?xml version="1.0" encoding="UTF-8"?>
<coverage generated="1650594886206" clover="3.2.0">
  <project timestamp="1650594886206" name="All files">
    <metrics statements="228" coveredstatements="110" conditionals="61" coveredconditionals="13" methods="34" coveredmethods="9" elements="323" coveredelements="132" complexity="0" loc="228" ncloc="228" packages="1" files="1" classes="1"/>
    <file name="HTML5AudioPlayer.js" path="/home/acajaja/Documents/WebDev/Bad-Ass-HTML5-Audio-Player/src/HTML5AudioPlayer.js">
      <metrics statements="228" coveredstatements="110" conditionals="61" coveredconditionals="13" methods="34" coveredmethods="9"/>
      <line num="13" count="1" type="stmt"/>
      <line num="20" count="1" type="stmt"/>
      <line num="21" count="1" type="stmt"/>
      <line num="22" count="1" type="stmt"/>
      <line num="23" count="1" type="stmt"/>
      <line num="24" count="1" type="stmt"/>
      <line num="25" count="1" type="stmt"/>
      <line num="26" count="1" type="stmt"/>
      <line num="49" count="1" type="stmt"/>
      <line num="50" count="1" type="stmt"/>
      <line num="51" count="1" type="stmt"/>
      <line num="52" count="1" type="stmt"/>
      <line num="53" count="1" type="stmt"/>
      <line num="57" count="1" type="stmt"/>
      <line num="59" count="1" type="stmt"/>
      <line num="61" count="1" type="stmt"/>
      <line num="363" count="1" type="stmt"/>
      <line num="364" count="18" type="cond" truecount="2" falsecount="0"/>
      <line num="366" count="7" type="stmt"/>
      <line num="368" count="11" type="stmt"/>
      <line num="371" count="1" type="stmt"/>
      <line num="372" count="0" type="stmt"/>
      <line num="375" count="1" type="stmt"/>
      <line num="376" count="0" type="stmt"/>
      <line num="378" count="0" type="cond" truecount="0" falsecount="2"/>
      <line num="387" count="1" type="stmt"/>
      <line num="388" count="1" type="stmt"/>
      <line num="390" count="1" type="stmt"/>
      <line num="391" count="1" type="stmt"/>
      <line num="392" count="1" type="stmt"/>
      <line num="394" count="1" type="cond" truecount="1" falsecount="1"/>
      <line num="395" count="1" type="stmt"/>
      <line num="400" count="0" type="stmt"/>
      <line num="408" count="1" type="stmt"/>
      <line num="409" count="1" type="stmt"/>
      <line num="410" count="1" type="stmt"/>
      <line num="411" count="1" type="stmt"/>
      <line num="412" count="1" type="stmt"/>
      <line num="413" count="1" type="stmt"/>
      <line num="414" count="1" type="stmt"/>
      <line num="415" count="1" type="stmt"/>
      <line num="423" count="1" type="stmt"/>
      <line num="424" count="1" type="stmt"/>
      <line num="425" count="1" type="stmt"/>
      <line num="426" count="1" type="stmt"/>
      <line num="427" count="1" type="stmt"/>
      <line num="428" count="1" type="stmt"/>
      <line num="429" count="1" type="stmt"/>
      <line num="430" count="1" type="stmt"/>
      <line num="431" count="1" type="stmt"/>
      <line num="432" count="1" type="stmt"/>
      <line num="433" count="1" type="stmt"/>
      <line num="434" count="1" type="stmt"/>
      <line num="444" count="1" type="stmt"/>
      <line num="445" count="0" type="cond" truecount="0" falsecount="2"/>
      <line num="446" count="0" type="stmt"/>
      <line num="447" count="0" type="stmt"/>
      <line num="448" count="0" type="cond" truecount="0" falsecount="4"/>
      <line num="450" count="0" type="stmt"/>
      <line num="453" count="0" type="stmt"/>
      <line num="454" count="0" type="stmt"/>
      <line num="455" count="0" type="stmt"/>
      <line num="456" count="0" type="stmt"/>
      <line num="457" count="0" type="cond" truecount="0" falsecount="4"/>
      <line num="459" count="0" type="stmt"/>
      <line num="467" count="1" type="stmt"/>
      <line num="468" count="0" type="stmt"/>
      <line num="476" count="1" type="stmt"/>
      <line num="477" count="0" type="stmt"/>
      <line num="478" count="0" type="stmt"/>
      <line num="481" count="0" type="stmt"/>
      <line num="489" count="1" type="stmt"/>
      <line num="490" count="0" type="stmt"/>
      <line num="492" count="0" type="cond" truecount="0" falsecount="2"/>
      <line num="493" count="0" type="stmt"/>
      <line num="496" count="0" type="stmt"/>
      <line num="504" count="1" type="stmt"/>
      <line num="505" count="21" type="stmt"/>
      <line num="507" count="21" type="cond" truecount="2" falsecount="0"/>
      <line num="508" count="20" type="stmt"/>
      <line num="511" count="1" type="stmt"/>
      <line num="519" count="1" type="stmt"/>
      <line num="520" count="0" type="cond" truecount="0" falsecount="2"/>
      <line num="521" count="0" type="stmt"/>
      <line num="524" count="0" type="stmt"/>
      <line num="533" count="1" type="stmt"/>
      <line num="534" count="0" type="cond" truecount="0" falsecount="5"/>
      <line num="535" count="0" type="stmt"/>
      <line num="537" count="0" type="stmt"/>
      <line num="538" count="0" type="stmt"/>
      <line num="539" count="0" type="stmt"/>
      <line num="540" count="0" type="stmt"/>
      <line num="542" count="0" type="stmt"/>
      <line num="543" count="0" type="stmt"/>
      <line num="544" count="0" type="stmt"/>
      <line num="546" count="0" type="stmt"/>
      <line num="547" count="0" type="stmt"/>
      <line num="548" count="0" type="stmt"/>
      <line num="549" count="0" type="stmt"/>
      <line num="550" count="0" type="stmt"/>
      <line num="551" count="0" type="stmt"/>
      <line num="562" count="1" type="stmt"/>
      <line num="563" count="0" type="cond" truecount="0" falsecount="2"/>
      <line num="564" count="0" type="stmt"/>
      <line num="565" count="0" type="stmt"/>
      <line num="575" count="1" type="stmt"/>
      <line num="576" count="0" type="stmt"/>
      <line num="577" count="0" type="stmt"/>
      <line num="586" count="1" type="stmt"/>
      <line num="587" count="0" type="stmt"/>
      <line num="589" count="0" type="stmt"/>
      <line num="590" count="0" type="stmt"/>
      <line num="591" count="0" type="stmt"/>
      <line num="600" count="1" type="stmt"/>
      <line num="601" count="0" type="cond" truecount="0" falsecount="4"/>
      <line num="602" count="0" type="stmt"/>
      <line num="604" count="0" type="stmt"/>
      <line num="605" count="0" type="stmt"/>
      <line num="606" count="0" type="stmt"/>
      <line num="607" count="0" type="stmt"/>
      <line num="608" count="0" type="stmt"/>
      <line num="609" count="0" type="stmt"/>
      <line num="618" count="1" type="stmt"/>
      <line num="619" count="0" type="stmt"/>
      <line num="620" count="0" type="stmt"/>
      <line num="621" count="0" type="stmt"/>
      <line num="631" count="1" type="stmt"/>
      <line num="633" count="0" type="stmt"/>
      <line num="634" count="0" type="stmt"/>
      <line num="635" count="0" type="stmt"/>
      <line num="637" count="0" type="cond" truecount="0" falsecount="2"/>
      <line num="638" count="0" type="stmt"/>
      <line num="641" count="0" type="stmt"/>
      <line num="651" count="1" type="stmt"/>
      <line num="652" count="0" type="stmt"/>
      <line num="653" count="0" type="stmt"/>
      <line num="654" count="0" type="stmt"/>
      <line num="655" count="0" type="stmt"/>
      <line num="656" count="0" type="stmt"/>
      <line num="659" count="0" type="cond" truecount="0" falsecount="2"/>
      <line num="660" count="0" type="stmt"/>
      <line num="664" count="0" type="stmt"/>
      <line num="665" count="0" type="stmt"/>
      <line num="667" count="0" type="stmt"/>
      <line num="670" count="0" type="stmt"/>
      <line num="679" count="1" type="stmt"/>
      <line num="680" count="0" type="stmt"/>
      <line num="689" count="1" type="stmt"/>
      <line num="690" count="0" type="stmt"/>
      <line num="691" count="0" type="stmt"/>
      <line num="692" count="0" type="stmt"/>
      <line num="702" count="1" type="stmt"/>
      <line num="703" count="0" type="stmt"/>
      <line num="704" count="0" type="stmt"/>
      <line num="712" count="1" type="stmt"/>
      <line num="713" count="0" type="stmt"/>
      <line num="714" count="0" type="stmt"/>
      <line num="716" count="0" type="cond" truecount="0" falsecount="2"/>
      <line num="717" count="0" type="stmt"/>
      <line num="721" count="1" type="cond" truecount="0" falsecount="1"/>
      <line num="722" count="2" type="cond" truecount="1" falsecount="1"/>
      <line num="730" count="1" type="stmt"/>
      <line num="732" count="0" type="stmt"/>
      <line num="734" count="0" type="stmt"/>
      <line num="735" count="0" type="stmt"/>
      <line num="741" count="0" type="stmt"/>
      <line num="742" count="0" type="stmt"/>
      <line num="743" count="0" type="cond" truecount="0" falsecount="2"/>
      <line num="744" count="0" type="stmt"/>
      <line num="748" count="0" type="stmt"/>
      <line num="749" count="0" type="stmt"/>
      <line num="750" count="0" type="stmt"/>
      <line num="752" count="0" type="stmt"/>
      <line num="756" count="0" type="stmt"/>
      <line num="757" count="0" type="stmt"/>
      <line num="758" count="0" type="stmt"/>
      <line num="760" count="0" type="stmt"/>
      <line num="762" count="0" type="stmt"/>
      <line num="764" count="0" type="stmt"/>
      <line num="765" count="0" type="stmt"/>
      <line num="766" count="0" type="stmt"/>
      <line num="777" count="1" type="stmt"/>
      <line num="778" count="1" type="stmt"/>
      <line num="779" count="6" type="stmt"/>
      <line num="789" count="1" type="stmt"/>
      <line num="790" count="0" type="stmt"/>
      <line num="801" count="1" type="cond" truecount="0" falsecount="1"/>
      <line num="802" count="3" type="stmt"/>
      <line num="803" count="3" type="stmt"/>
      <line num="805" count="3" type="stmt"/>
      <line num="806" count="3" type="cond" truecount="2" falsecount="0"/>
      <line num="807" count="1" type="stmt"/>
      <line num="810" count="2" type="stmt"/>
      <line num="812" count="2" type="stmt"/>
      <line num="813" count="2" type="stmt"/>
      <line num="815" count="2" type="cond" truecount="1" falsecount="1"/>
      <line num="816" count="0" type="stmt"/>
      <line num="819" count="1" type="stmt"/>
      <line num="821" count="1" type="stmt"/>
      <line num="823" count="1" type="cond" truecount="1" falsecount="1"/>
      <line num="824" count="0" type="stmt"/>
      <line num="827" count="1" type="stmt"/>
      <line num="829" count="1" type="stmt"/>
      <line num="839" count="1" type="cond" truecount="1" falsecount="1"/>
      <line num="841" count="1" type="stmt"/>
      <line num="842" count="1" type="stmt"/>
      <line num="843" count="1" type="stmt"/>
      <line num="844" count="1" type="stmt"/>
      <line num="845" count="1" type="stmt"/>
      <line num="847" count="1" type="stmt"/>
      <line num="849" count="1" type="stmt"/>
      <line num="853" count="2" type="stmt"/>
      <line num="863" count="1" type="stmt"/>
      <line num="864" count="1" type="cond" truecount="1" falsecount="1"/>
      <line num="865" count="0" type="stmt"/>
      <line num="868" count="1" type="cond" truecount="1" falsecount="1"/>
      <line num="869" count="0" type="stmt"/>
      <line num="872" count="1" type="stmt"/>
      <line num="873" count="1" type="stmt"/>
      <line num="874" count="1" type="stmt"/>
      <line num="876" count="1" type="stmt"/>
      <line num="885" count="1" type="stmt"/>
      <line num="886" count="0" type="cond" truecount="0" falsecount="4"/>
      <line num="887" count="0" type="stmt"/>
      <line num="890" count="0" type="stmt"/>
      <line num="891" count="0" type="stmt"/>
      <line num="892" count="0" type="stmt"/>
      <line num="894" count="0" type="stmt"/>
    </file>
  </project>
</coverage>
