{"/home/acajaja/Documents/WebDev/Bad-Ass-HTML5-Audio-Player/src/HTML5AudioPlayer.js": {"path":"/home/acajaja/Documents/WebDev/Bad-Ass-HTML5-Audio-Player/src/HTML5AudioPlayer.js","statementMap":{"0":{"start":{"line":13,"column":30},"end":{"line":19,"column":1}},"1":{"start":{"line":20,"column":23},"end":{"line":20,"column":27}},"2":{"start":{"line":21,"column":19},"end":{"line":21,"column":24}},"3":{"start":{"line":22,"column":26},"end":{"line":22,"column":30}},"4":{"start":{"line":23,"column":22},"end":{"line":23,"column":27}},"5":{"start":{"line":24,"column":20},"end":{"line":24,"column":24}},"6":{"start":{"line":25,"column":26},"end":{"line":25,"column":30}},"7":{"start":{"line":26,"column":30},"end":{"line":48,"column":1}},"8":{"start":{"line":49,"column":28},"end":{"line":49,"column":30}},"9":{"start":{"line":50,"column":30},"end":{"line":50,"column":34}},"10":{"start":{"line":51,"column":30},"end":{"line":51,"column":32}},"11":{"start":{"line":52,"column":30},"end":{"line":52,"column":31}},"12":{"start":{"line":53,"column":18},"end":{"line":53,"column":23}},"13":{"start":{"line":57,"column":21},"end":{"line":57,"column":22}},"14":{"start":{"line":59,"column":23},"end":{"line":59,"column":25}},"15":{"start":{"line":61,"column":24},"end":{"line":61,"column":29}},"16":{"start":{"line":363,"column":22},"end":{"line":369,"column":1}},"17":{"start":{"line":364,"column":1},"end":{"line":367,"column":2}},"18":{"start":{"line":366,"column":2},"end":{"line":366,"column":9}},"19":{"start":{"line":368,"column":1},"end":{"line":368,"column":46}},"20":{"start":{"line":371,"column":21},"end":{"line":373,"column":1}},"21":{"start":{"line":372,"column":1},"end":{"line":372,"column":41}},"22":{"start":{"line":375,"column":33},"end":{"line":379,"column":1}},"23":{"start":{"line":376,"column":14},"end":{"line":376,"column":26}},"24":{"start":{"line":378,"column":1},"end":{"line":378,"column":49}},"25":{"start":{"line":387,"column":26},"end":{"line":401,"column":1}},"26":{"start":{"line":388,"column":11},"end":{"line":388,"column":13}},"27":{"start":{"line":390,"column":1},"end":{"line":398,"column":2}},"28":{"start":{"line":391,"column":8},"end":{"line":397,"column":9}},"29":{"start":{"line":392,"column":12},"end":{"line":392,"column":59}},"30":{"start":{"line":394,"column":12},"end":{"line":396,"column":13}},"31":{"start":{"line":395,"column":16},"end":{"line":395,"column":25}},"32":{"start":{"line":400,"column":1},"end":{"line":400,"column":14}},"33":{"start":{"line":408,"column":28},"end":{"line":416,"column":1}},"34":{"start":{"line":409,"column":1},"end":{"line":409,"column":49}},"35":{"start":{"line":410,"column":1},"end":{"line":410,"column":64}},"36":{"start":{"line":411,"column":1},"end":{"line":411,"column":86}},"37":{"start":{"line":412,"column":1},"end":{"line":412,"column":59}},"38":{"start":{"line":413,"column":1},"end":{"line":413,"column":63}},"39":{"start":{"line":414,"column":1},"end":{"line":414,"column":65}},"40":{"start":{"line":415,"column":1},"end":{"line":415,"column":69}},"41":{"start":{"line":423,"column":30},"end":{"line":435,"column":1}},"42":{"start":{"line":424,"column":1},"end":{"line":424,"column":96}},"43":{"start":{"line":425,"column":1},"end":{"line":425,"column":88}},"44":{"start":{"line":426,"column":1},"end":{"line":426,"column":98}},"45":{"start":{"line":427,"column":1},"end":{"line":427,"column":88}},"46":{"start":{"line":428,"column":1},"end":{"line":428,"column":96}},"47":{"start":{"line":429,"column":1},"end":{"line":429,"column":103}},"48":{"start":{"line":430,"column":1},"end":{"line":430,"column":103}},"49":{"start":{"line":431,"column":1},"end":{"line":431,"column":99}},"50":{"start":{"line":432,"column":1},"end":{"line":432,"column":94}},"51":{"start":{"line":433,"column":4},"end":{"line":433,"column":99}},"52":{"start":{"line":434,"column":1},"end":{"line":434,"column":97}},"53":{"start":{"line":444,"column":30},"end":{"line":460,"column":1}},"54":{"start":{"line":445,"column":1},"end":{"line":451,"column":2}},"55":{"start":{"line":446,"column":13},"end":{"line":446,"column":35}},"56":{"start":{"line":447,"column":9},"end":{"line":447,"column":22}},"57":{"start":{"line":448,"column":9},"end":{"line":448,"column":78}},"58":{"start":{"line":450,"column":2},"end":{"line":450,"column":14}},"59":{"start":{"line":453,"column":15},"end":{"line":453,"column":30}},"60":{"start":{"line":454,"column":11},"end":{"line":454,"column":37}},"61":{"start":{"line":455,"column":11},"end":{"line":455,"column":54}},"62":{"start":{"line":456,"column":11},"end":{"line":456,"column":52}},"63":{"start":{"line":457,"column":8},"end":{"line":457,"column":97}},"64":{"start":{"line":459,"column":1},"end":{"line":459,"column":13}},"65":{"start":{"line":467,"column":24},"end":{"line":469,"column":1}},"66":{"start":{"line":468,"column":1},"end":{"line":468,"column":37}},"67":{"start":{"line":476,"column":15},"end":{"line":482,"column":1}},"68":{"start":{"line":477,"column":1},"end":{"line":479,"column":2}},"69":{"start":{"line":478,"column":2},"end":{"line":478,"column":36}},"70":{"start":{"line":481,"column":1},"end":{"line":481,"column":13}},"71":{"start":{"line":489,"column":22},"end":{"line":497,"column":1}},"72":{"start":{"line":490,"column":16},"end":{"line":490,"column":34}},"73":{"start":{"line":492,"column":1},"end":{"line":494,"column":5}},"74":{"start":{"line":493,"column":8},"end":{"line":493,"column":24}},"75":{"start":{"line":496,"column":1},"end":{"line":496,"column":10}},"76":{"start":{"line":504,"column":24},"end":{"line":512,"column":1}},"77":{"start":{"line":505,"column":14},"end":{"line":505,"column":59}},"78":{"start":{"line":507,"column":1},"end":{"line":509,"column":2}},"79":{"start":{"line":508,"column":2},"end":{"line":508,"column":17}},"80":{"start":{"line":511,"column":1},"end":{"line":511,"column":13}},"81":{"start":{"line":519,"column":22},"end":{"line":525,"column":1}},"82":{"start":{"line":520,"column":1},"end":{"line":522,"column":5}},"83":{"start":{"line":521,"column":8},"end":{"line":521,"column":36}},"84":{"start":{"line":524,"column":1},"end":{"line":524,"column":27}},"85":{"start":{"line":533,"column":28},"end":{"line":554,"column":1}},"86":{"start":{"line":534,"column":1},"end":{"line":536,"column":2}},"87":{"start":{"line":535,"column":2},"end":{"line":535,"column":41}},"88":{"start":{"line":537,"column":4},"end":{"line":537,"column":59}},"89":{"start":{"line":538,"column":1},"end":{"line":538,"column":33}},"90":{"start":{"line":539,"column":1},"end":{"line":539,"column":33}},"91":{"start":{"line":540,"column":1},"end":{"line":540,"column":35}},"92":{"start":{"line":542,"column":1},"end":{"line":553,"column":2}},"93":{"start":{"line":543,"column":17},"end":{"line":543,"column":49}},"94":{"start":{"line":544,"column":13},"end":{"line":544,"column":41}},"95":{"start":{"line":546,"column":2},"end":{"line":546,"column":62}},"96":{"start":{"line":547,"column":2},"end":{"line":547,"column":62}},"97":{"start":{"line":548,"column":2},"end":{"line":548,"column":25}},"98":{"start":{"line":549,"column":2},"end":{"line":549,"column":44}},"99":{"start":{"line":550,"column":2},"end":{"line":552,"column":5}},"100":{"start":{"line":551,"column":3},"end":{"line":551,"column":47}},"101":{"start":{"line":562,"column":31},"end":{"line":567,"column":1}},"102":{"start":{"line":563,"column":1},"end":{"line":566,"column":2}},"103":{"start":{"line":564,"column":2},"end":{"line":564,"column":31}},"104":{"start":{"line":565,"column":2},"end":{"line":565,"column":30}},"105":{"start":{"line":575,"column":26},"end":{"line":578,"column":1}},"106":{"start":{"line":576,"column":1},"end":{"line":576,"column":41}},"107":{"start":{"line":577,"column":1},"end":{"line":577,"column":37}},"108":{"start":{"line":586,"column":28},"end":{"line":592,"column":1}},"109":{"start":{"line":587,"column":14},"end":{"line":587,"column":114}},"110":{"start":{"line":589,"column":1},"end":{"line":589,"column":40}},"111":{"start":{"line":590,"column":1},"end":{"line":590,"column":38}},"112":{"start":{"line":591,"column":1},"end":{"line":591,"column":41}},"113":{"start":{"line":600,"column":24},"end":{"line":610,"column":1}},"114":{"start":{"line":601,"column":1},"end":{"line":603,"column":2}},"115":{"start":{"line":602,"column":2},"end":{"line":602,"column":29}},"116":{"start":{"line":604,"column":1},"end":{"line":604,"column":27}},"117":{"start":{"line":605,"column":1},"end":{"line":605,"column":36}},"118":{"start":{"line":606,"column":1},"end":{"line":606,"column":40}},"119":{"start":{"line":607,"column":1},"end":{"line":607,"column":25}},"120":{"start":{"line":608,"column":1},"end":{"line":608,"column":29}},"121":{"start":{"line":609,"column":1},"end":{"line":609,"column":40}},"122":{"start":{"line":618,"column":29},"end":{"line":623,"column":1}},"123":{"start":{"line":619,"column":1},"end":{"line":622,"column":2}},"124":{"start":{"line":619,"column":14},"end":{"line":619,"column":15}},"125":{"start":{"line":620,"column":21},"end":{"line":620,"column":76}},"126":{"start":{"line":621,"column":2},"end":{"line":621,"column":56}},"127":{"start":{"line":631,"column":31},"end":{"line":643,"column":1}},"128":{"start":{"line":633,"column":13},"end":{"line":633,"column":21}},"129":{"start":{"line":634,"column":14},"end":{"line":634,"column":25}},"130":{"start":{"line":635,"column":31},"end":{"line":635,"column":55}},"131":{"start":{"line":637,"column":1},"end":{"line":642,"column":2}},"132":{"start":{"line":638,"column":2},"end":{"line":638,"column":104}},"133":{"start":{"line":641,"column":2},"end":{"line":641,"column":48}},"134":{"start":{"line":651,"column":19},"end":{"line":671,"column":1}},"135":{"start":{"line":652,"column":1},"end":{"line":652,"column":10}},"136":{"start":{"line":653,"column":1},"end":{"line":653,"column":48}},"137":{"start":{"line":654,"column":1},"end":{"line":654,"column":36}},"138":{"start":{"line":655,"column":1},"end":{"line":655,"column":21}},"139":{"start":{"line":656,"column":1},"end":{"line":656,"column":60}},"140":{"start":{"line":659,"column":1},"end":{"line":668,"column":2}},"141":{"start":{"line":660,"column":2},"end":{"line":660,"column":41}},"142":{"start":{"line":664,"column":2},"end":{"line":664,"column":42}},"143":{"start":{"line":665,"column":2},"end":{"line":666,"column":45}},"144":{"start":{"line":667,"column":2},"end":{"line":667,"column":40}},"145":{"start":{"line":670,"column":1},"end":{"line":670,"column":23}},"146":{"start":{"line":679,"column":15},"end":{"line":681,"column":1}},"147":{"start":{"line":680,"column":1},"end":{"line":680,"column":24}},"148":{"start":{"line":689,"column":14},"end":{"line":693,"column":1}},"149":{"start":{"line":690,"column":1},"end":{"line":690,"column":49}},"150":{"start":{"line":691,"column":1},"end":{"line":691,"column":38}},"151":{"start":{"line":692,"column":1},"end":{"line":692,"column":23}},"152":{"start":{"line":702,"column":29},"end":{"line":705,"column":1}},"153":{"start":{"line":703,"column":1},"end":{"line":703,"column":74}},"154":{"start":{"line":704,"column":1},"end":{"line":704,"column":80}},"155":{"start":{"line":712,"column":35},"end":{"line":719,"column":1}},"156":{"start":{"line":713,"column":1},"end":{"line":713,"column":41}},"157":{"start":{"line":714,"column":17},"end":{"line":714,"column":79}},"158":{"start":{"line":716,"column":1},"end":{"line":718,"column":2}},"159":{"start":{"line":717,"column":2},"end":{"line":717,"column":35}},"160":{"start":{"line":721,"column":24},"end":{"line":723,"column":1}},"161":{"start":{"line":722,"column":1},"end":{"line":722,"column":39}},"162":{"start":{"line":730,"column":30},"end":{"line":769,"column":1}},"163":{"start":{"line":732,"column":1},"end":{"line":732,"column":35}},"164":{"start":{"line":734,"column":1},"end":{"line":768,"column":2}},"165":{"start":{"line":734,"column":12},"end":{"line":734,"column":13}},"166":{"start":{"line":735,"column":13},"end":{"line":735,"column":41}},"167":{"start":{"line":741,"column":14},"end":{"line":754,"column":6}},"168":{"start":{"line":742,"column":18},"end":{"line":742,"column":20}},"169":{"start":{"line":743,"column":3},"end":{"line":753,"column":4}},"170":{"start":{"line":744,"column":4},"end":{"line":744,"column":37}},"171":{"start":{"line":748,"column":16},"end":{"line":748,"column":59}},"172":{"start":{"line":749,"column":12},"end":{"line":749,"column":26}},"173":{"start":{"line":750,"column":10},"end":{"line":750,"column":21}},"174":{"start":{"line":752,"column":4},"end":{"line":752,"column":35}},"175":{"start":{"line":756,"column":8},"end":{"line":756,"column":40}},"176":{"start":{"line":757,"column":2},"end":{"line":757,"column":46}},"177":{"start":{"line":758,"column":2},"end":{"line":758,"column":39}},"178":{"start":{"line":760,"column":2},"end":{"line":760,"column":22}},"179":{"start":{"line":762,"column":2},"end":{"line":762,"column":44}},"180":{"start":{"line":764,"column":2},"end":{"line":767,"column":5}},"181":{"start":{"line":765,"column":3},"end":{"line":765,"column":32}},"182":{"start":{"line":766,"column":3},"end":{"line":766,"column":55}},"183":{"start":{"line":777,"column":29},"end":{"line":781,"column":1}},"184":{"start":{"line":778,"column":1},"end":{"line":780,"column":2}},"185":{"start":{"line":778,"column":14},"end":{"line":778,"column":15}},"186":{"start":{"line":779,"column":2},"end":{"line":779,"column":44}},"187":{"start":{"line":789,"column":27},"end":{"line":791,"column":1}},"188":{"start":{"line":790,"column":1},"end":{"line":790,"column":43}},"189":{"start":{"line":801,"column":20},"end":{"line":855,"column":1}},"190":{"start":{"line":802,"column":1},"end":{"line":802,"column":23}},"191":{"start":{"line":803,"column":1},"end":{"line":803,"column":45}},"192":{"start":{"line":805,"column":1},"end":{"line":854,"column":2}},"193":{"start":{"line":806,"column":2},"end":{"line":808,"column":3}},"194":{"start":{"line":807,"column":3},"end":{"line":807,"column":69}},"195":{"start":{"line":810,"column":2},"end":{"line":810,"column":25}},"196":{"start":{"line":812,"column":19},"end":{"line":812,"column":57}},"197":{"start":{"line":813,"column":2},"end":{"line":813,"column":38}},"198":{"start":{"line":815,"column":2},"end":{"line":817,"column":3}},"199":{"start":{"line":816,"column":3},"end":{"line":816,"column":58}},"200":{"start":{"line":819,"column":2},"end":{"line":819,"column":41}},"201":{"start":{"line":821,"column":2},"end":{"line":821,"column":38}},"202":{"start":{"line":823,"column":8},"end":{"line":825,"column":9}},"203":{"start":{"line":824,"column":12},"end":{"line":824,"column":82}},"204":{"start":{"line":827,"column":2},"end":{"line":827,"column":24}},"205":{"start":{"line":829,"column":2},"end":{"line":836,"column":4}},"206":{"start":{"line":839,"column":2},"end":{"line":839,"column":110}},"207":{"start":{"line":841,"column":8},"end":{"line":841,"column":51}},"208":{"start":{"line":842,"column":2},"end":{"line":842,"column":26}},"209":{"start":{"line":843,"column":2},"end":{"line":843,"column":24}},"210":{"start":{"line":844,"column":2},"end":{"line":844,"column":41}},"211":{"start":{"line":845,"column":2},"end":{"line":845,"column":49}},"212":{"start":{"line":847,"column":2},"end":{"line":847,"column":27}},"213":{"start":{"line":849,"column":2},"end":{"line":849,"column":14}},"214":{"start":{"line":853,"column":2},"end":{"line":853,"column":15}},"215":{"start":{"line":863,"column":32},"end":{"line":877,"column":1}},"216":{"start":{"line":864,"column":1},"end":{"line":866,"column":5}},"217":{"start":{"line":865,"column":8},"end":{"line":865,"column":29}},"218":{"start":{"line":868,"column":1},"end":{"line":870,"column":2}},"219":{"start":{"line":869,"column":2},"end":{"line":869,"column":73}},"220":{"start":{"line":872,"column":1},"end":{"line":872,"column":28}},"221":{"start":{"line":873,"column":1},"end":{"line":873,"column":40}},"222":{"start":{"line":874,"column":1},"end":{"line":874,"column":40}},"223":{"start":{"line":876,"column":1},"end":{"line":876,"column":45}},"224":{"start":{"line":885,"column":28},"end":{"line":905,"column":1}},"225":{"start":{"line":886,"column":1},"end":{"line":888,"column":2}},"226":{"start":{"line":887,"column":2},"end":{"line":887,"column":40}},"227":{"start":{"line":890,"column":1},"end":{"line":890,"column":40}},"228":{"start":{"line":891,"column":1},"end":{"line":891,"column":28}},"229":{"start":{"line":892,"column":1},"end":{"line":892,"column":59}},"230":{"start":{"line":894,"column":1},"end":{"line":894,"column":33}}},"fnMap":{"0":{"name":"(anonymous_0)","decl":{"start":{"line":363,"column":22},"end":{"line":363,"column":23}},"loc":{"start":{"line":363,"column":49},"end":{"line":369,"column":1}},"line":363},"1":{"name":"(anonymous_1)","decl":{"start":{"line":371,"column":21},"end":{"line":371,"column":22}},"loc":{"start":{"line":371,"column":31},"end":{"line":373,"column":1}},"line":371},"2":{"name":"(anonymous_2)","decl":{"start":{"line":375,"column":33},"end":{"line":375,"column":34}},"loc":{"start":{"line":375,"column":39},"end":{"line":379,"column":1}},"line":375},"3":{"name":"(anonymous_3)","decl":{"start":{"line":387,"column":26},"end":{"line":387,"column":27}},"loc":{"start":{"line":387,"column":33},"end":{"line":401,"column":1}},"line":387},"4":{"name":"(anonymous_4)","decl":{"start":{"line":408,"column":28},"end":{"line":408,"column":29}},"loc":{"start":{"line":408,"column":34},"end":{"line":416,"column":1}},"line":408},"5":{"name":"(anonymous_5)","decl":{"start":{"line":423,"column":30},"end":{"line":423,"column":31}},"loc":{"start":{"line":423,"column":36},"end":{"line":435,"column":1}},"line":423},"6":{"name":"(anonymous_6)","decl":{"start":{"line":444,"column":30},"end":{"line":444,"column":31}},"loc":{"start":{"line":444,"column":42},"end":{"line":460,"column":1}},"line":444},"7":{"name":"(anonymous_7)","decl":{"start":{"line":467,"column":24},"end":{"line":467,"column":25}},"loc":{"start":{"line":467,"column":33},"end":{"line":469,"column":1}},"line":467},"8":{"name":"(anonymous_8)","decl":{"start":{"line":476,"column":15},"end":{"line":476,"column":16}},"loc":{"start":{"line":476,"column":25},"end":{"line":482,"column":1}},"line":476},"9":{"name":"(anonymous_9)","decl":{"start":{"line":489,"column":22},"end":{"line":489,"column":23}},"loc":{"start":{"line":489,"column":28},"end":{"line":497,"column":1}},"line":489},"10":{"name":"(anonymous_10)","decl":{"start":{"line":504,"column":24},"end":{"line":504,"column":25}},"loc":{"start":{"line":504,"column":39},"end":{"line":512,"column":1}},"line":504},"11":{"name":"(anonymous_11)","decl":{"start":{"line":519,"column":22},"end":{"line":519,"column":23}},"loc":{"start":{"line":519,"column":28},"end":{"line":525,"column":1}},"line":519},"12":{"name":"(anonymous_12)","decl":{"start":{"line":533,"column":28},"end":{"line":533,"column":29}},"loc":{"start":{"line":533,"column":38},"end":{"line":554,"column":1}},"line":533},"13":{"name":"(anonymous_13)","decl":{"start":{"line":550,"column":33},"end":{"line":550,"column":34}},"loc":{"start":{"line":550,"column":45},"end":{"line":552,"column":3}},"line":550},"14":{"name":"(anonymous_14)","decl":{"start":{"line":562,"column":31},"end":{"line":562,"column":32}},"loc":{"start":{"line":562,"column":38},"end":{"line":567,"column":1}},"line":562},"15":{"name":"(anonymous_15)","decl":{"start":{"line":575,"column":26},"end":{"line":575,"column":27}},"loc":{"start":{"line":575,"column":33},"end":{"line":578,"column":1}},"line":575},"16":{"name":"(anonymous_16)","decl":{"start":{"line":586,"column":28},"end":{"line":586,"column":29}},"loc":{"start":{"line":586,"column":35},"end":{"line":592,"column":1}},"line":586},"17":{"name":"(anonymous_17)","decl":{"start":{"line":600,"column":24},"end":{"line":600,"column":25}},"loc":{"start":{"line":600,"column":34},"end":{"line":610,"column":1}},"line":600},"18":{"name":"(anonymous_18)","decl":{"start":{"line":618,"column":29},"end":{"line":618,"column":30}},"loc":{"start":{"line":618,"column":36},"end":{"line":623,"column":1}},"line":618},"19":{"name":"(anonymous_19)","decl":{"start":{"line":631,"column":31},"end":{"line":631,"column":32}},"loc":{"start":{"line":631,"column":38},"end":{"line":643,"column":1}},"line":631},"20":{"name":"(anonymous_20)","decl":{"start":{"line":651,"column":19},"end":{"line":651,"column":20}},"loc":{"start":{"line":651,"column":27},"end":{"line":671,"column":1}},"line":651},"21":{"name":"(anonymous_21)","decl":{"start":{"line":679,"column":15},"end":{"line":679,"column":16}},"loc":{"start":{"line":679,"column":22},"end":{"line":681,"column":1}},"line":679},"22":{"name":"(anonymous_22)","decl":{"start":{"line":689,"column":14},"end":{"line":689,"column":15}},"loc":{"start":{"line":689,"column":21},"end":{"line":693,"column":1}},"line":689},"23":{"name":"(anonymous_23)","decl":{"start":{"line":702,"column":29},"end":{"line":702,"column":30}},"loc":{"start":{"line":702,"column":50},"end":{"line":705,"column":1}},"line":702},"24":{"name":"(anonymous_24)","decl":{"start":{"line":712,"column":35},"end":{"line":712,"column":36}},"loc":{"start":{"line":712,"column":41},"end":{"line":719,"column":1}},"line":712},"25":{"name":"(anonymous_25)","decl":{"start":{"line":721,"column":24},"end":{"line":721,"column":25}},"loc":{"start":{"line":721,"column":42},"end":{"line":723,"column":1}},"line":721},"26":{"name":"(anonymous_26)","decl":{"start":{"line":730,"column":30},"end":{"line":730,"column":31}},"loc":{"start":{"line":730,"column":36},"end":{"line":769,"column":1}},"line":730},"27":{"name":"(anonymous_27)","decl":{"start":{"line":741,"column":15},"end":{"line":741,"column":16}},"loc":{"start":{"line":741,"column":26},"end":{"line":754,"column":3}},"line":741},"28":{"name":"(anonymous_28)","decl":{"start":{"line":764,"column":30},"end":{"line":764,"column":31}},"loc":{"start":{"line":764,"column":42},"end":{"line":767,"column":3}},"line":764},"29":{"name":"(anonymous_29)","decl":{"start":{"line":777,"column":29},"end":{"line":777,"column":30}},"loc":{"start":{"line":777,"column":40},"end":{"line":781,"column":1}},"line":777},"30":{"name":"(anonymous_30)","decl":{"start":{"line":789,"column":27},"end":{"line":789,"column":28}},"loc":{"start":{"line":789,"column":36},"end":{"line":791,"column":1}},"line":789},"31":{"name":"(anonymous_31)","decl":{"start":{"line":801,"column":20},"end":{"line":801,"column":21}},"loc":{"start":{"line":801,"column":52},"end":{"line":855,"column":1}},"line":801},"32":{"name":"(anonymous_32)","decl":{"start":{"line":863,"column":32},"end":{"line":863,"column":33}},"loc":{"start":{"line":863,"column":47},"end":{"line":877,"column":1}},"line":863},"33":{"name":"(anonymous_33)","decl":{"start":{"line":885,"column":28},"end":{"line":885,"column":29}},"loc":{"start":{"line":885,"column":42},"end":{"line":905,"column":1}},"line":885}},"branchMap":{"0":{"loc":{"start":{"line":364,"column":1},"end":{"line":367,"column":2}},"type":"if","locations":[{"start":{"line":364,"column":1},"end":{"line":367,"column":2}},{"start":{},"end":{}}],"line":364},"1":{"loc":{"start":{"line":378,"column":9},"end":{"line":378,"column":47}},"type":"binary-expr","locations":[{"start":{"line":378,"column":9},"end":{"line":378,"column":27}},{"start":{"line":378,"column":31},"end":{"line":378,"column":47}}],"line":378},"2":{"loc":{"start":{"line":394,"column":12},"end":{"line":396,"column":13}},"type":"if","locations":[{"start":{"line":394,"column":12},"end":{"line":396,"column":13}},{"start":{},"end":{}}],"line":394},"3":{"loc":{"start":{"line":445,"column":1},"end":{"line":451,"column":2}},"type":"if","locations":[{"start":{"line":445,"column":1},"end":{"line":451,"column":2}},{"start":{},"end":{}}],"line":445},"4":{"loc":{"start":{"line":448,"column":10},"end":{"line":448,"column":38}},"type":"cond-expr","locations":[{"start":{"line":448,"column":21},"end":{"line":448,"column":25}},{"start":{"line":448,"column":28},"end":{"line":448,"column":38}}],"line":448},"5":{"loc":{"start":{"line":448,"column":49},"end":{"line":448,"column":77}},"type":"cond-expr","locations":[{"start":{"line":448,"column":60},"end":{"line":448,"column":64}},{"start":{"line":448,"column":67},"end":{"line":448,"column":77}}],"line":448},"6":{"loc":{"start":{"line":457,"column":9},"end":{"line":457,"column":47}},"type":"cond-expr","locations":[{"start":{"line":457,"column":24},"end":{"line":457,"column":37}},{"start":{"line":457,"column":40},"end":{"line":457,"column":47}}],"line":457},"7":{"loc":{"start":{"line":457,"column":58},"end":{"line":457,"column":96}},"type":"cond-expr","locations":[{"start":{"line":457,"column":73},"end":{"line":457,"column":86}},{"start":{"line":457,"column":89},"end":{"line":457,"column":96}}],"line":457},"8":{"loc":{"start":{"line":492,"column":1},"end":{"line":494,"column":5}},"type":"if","locations":[{"start":{"line":492,"column":1},"end":{"line":494,"column":5}},{"start":{},"end":{}}],"line":492},"9":{"loc":{"start":{"line":507,"column":1},"end":{"line":509,"column":2}},"type":"if","locations":[{"start":{"line":507,"column":1},"end":{"line":509,"column":2}},{"start":{},"end":{}}],"line":507},"10":{"loc":{"start":{"line":520,"column":1},"end":{"line":522,"column":5}},"type":"if","locations":[{"start":{"line":520,"column":1},"end":{"line":522,"column":5}},{"start":{},"end":{}}],"line":520},"11":{"loc":{"start":{"line":534,"column":1},"end":{"line":536,"column":2}},"type":"if","locations":[{"start":{"line":534,"column":1},"end":{"line":536,"column":2}},{"start":{},"end":{}}],"line":534},"12":{"loc":{"start":{"line":534,"column":5},"end":{"line":534,"column":87}},"type":"binary-expr","locations":[{"start":{"line":534,"column":5},"end":{"line":534,"column":17}},{"start":{"line":534,"column":21},"end":{"line":534,"column":57}},{"start":{"line":534,"column":61},"end":{"line":534,"column":87}}],"line":534},"13":{"loc":{"start":{"line":563,"column":1},"end":{"line":566,"column":2}},"type":"if","locations":[{"start":{"line":563,"column":1},"end":{"line":566,"column":2}},{"start":{},"end":{}}],"line":563},"14":{"loc":{"start":{"line":601,"column":1},"end":{"line":603,"column":2}},"type":"if","locations":[{"start":{"line":601,"column":1},"end":{"line":603,"column":2}},{"start":{},"end":{}}],"line":601},"15":{"loc":{"start":{"line":601,"column":5},"end":{"line":601,"column":56}},"type":"binary-expr","locations":[{"start":{"line":601,"column":5},"end":{"line":601,"column":17}},{"start":{"line":601,"column":21},"end":{"line":601,"column":56}}],"line":601},"16":{"loc":{"start":{"line":637,"column":1},"end":{"line":642,"column":2}},"type":"if","locations":[{"start":{"line":637,"column":1},"end":{"line":642,"column":2}},{"start":{},"end":{}}],"line":637},"17":{"loc":{"start":{"line":659,"column":1},"end":{"line":668,"column":2}},"type":"if","locations":[{"start":{"line":659,"column":1},"end":{"line":668,"column":2}},{"start":{"line":663,"column":1},"end":{"line":668,"column":2}}],"line":659},"18":{"loc":{"start":{"line":716,"column":1},"end":{"line":718,"column":2}},"type":"if","locations":[{"start":{"line":716,"column":1},"end":{"line":718,"column":2}},{"start":{},"end":{}}],"line":716},"19":{"loc":{"start":{"line":721,"column":25},"end":{"line":721,"column":37}},"type":"default-arg","locations":[{"start":{"line":721,"column":33},"end":{"line":721,"column":37}}],"line":721},"20":{"loc":{"start":{"line":722,"column":18},"end":{"line":722,"column":38}},"type":"binary-expr","locations":[{"start":{"line":722,"column":18},"end":{"line":722,"column":23}},{"start":{"line":722,"column":27},"end":{"line":722,"column":38}}],"line":722},"21":{"loc":{"start":{"line":743,"column":3},"end":{"line":753,"column":4}},"type":"if","locations":[{"start":{"line":743,"column":3},"end":{"line":753,"column":4}},{"start":{"line":747,"column":3},"end":{"line":753,"column":4}}],"line":743},"22":{"loc":{"start":{"line":801,"column":35},"end":{"line":801,"column":47}},"type":"default-arg","locations":[{"start":{"line":801,"column":43},"end":{"line":801,"column":47}}],"line":801},"23":{"loc":{"start":{"line":806,"column":2},"end":{"line":808,"column":3}},"type":"if","locations":[{"start":{"line":806,"column":2},"end":{"line":808,"column":3}},{"start":{},"end":{}}],"line":806},"24":{"loc":{"start":{"line":815,"column":2},"end":{"line":817,"column":3}},"type":"if","locations":[{"start":{"line":815,"column":2},"end":{"line":817,"column":3}},{"start":{},"end":{}}],"line":815},"25":{"loc":{"start":{"line":823,"column":8},"end":{"line":825,"column":9}},"type":"if","locations":[{"start":{"line":823,"column":8},"end":{"line":825,"column":9}},{"start":{},"end":{}}],"line":823},"26":{"loc":{"start":{"line":839,"column":41},"end":{"line":839,"column":108}},"type":"cond-expr","locations":[{"start":{"line":839,"column":85},"end":{"line":839,"column":86}},{"start":{"line":839,"column":89},"end":{"line":839,"column":108}}],"line":839},"27":{"loc":{"start":{"line":864,"column":1},"end":{"line":866,"column":5}},"type":"if","locations":[{"start":{"line":864,"column":1},"end":{"line":866,"column":5}},{"start":{},"end":{}}],"line":864},"28":{"loc":{"start":{"line":868,"column":1},"end":{"line":870,"column":2}},"type":"if","locations":[{"start":{"line":868,"column":1},"end":{"line":870,"column":2}},{"start":{},"end":{}}],"line":868},"29":{"loc":{"start":{"line":886,"column":1},"end":{"line":888,"column":2}},"type":"if","locations":[{"start":{"line":886,"column":1},"end":{"line":888,"column":2}},{"start":{},"end":{}}],"line":886},"30":{"loc":{"start":{"line":886,"column":5},"end":{"line":886,"column":44}},"type":"binary-expr","locations":[{"start":{"line":886,"column":5},"end":{"line":886,"column":26}},{"start":{"line":886,"column":30},"end":{"line":886,"column":44}}],"line":886}},"s":{"0":1,"1":1,"2":1,"3":1,"4":1,"5":1,"6":1,"7":1,"8":1,"9":1,"10":1,"11":1,"12":1,"13":1,"14":1,"15":1,"16":1,"17":18,"18":7,"19":11,"20":1,"21":0,"22":1,"23":0,"24":0,"25":1,"26":1,"27":1,"28":1,"29":1,"30":1,"31":1,"32":0,"33":1,"34":1,"35":1,"36":1,"37":1,"38":1,"39":1,"40":1,"41":1,"42":1,"43":1,"44":1,"45":1,"46":1,"47":1,"48":1,"49":1,"50":1,"51":1,"52":1,"53":1,"54":0,"55":0,"56":0,"57":0,"58":0,"59":0,"60":0,"61":0,"62":0,"63":0,"64":0,"65":1,"66":0,"67":1,"68":0,"69":0,"70":0,"71":1,"72":0,"73":0,"74":0,"75":0,"76":1,"77":21,"78":21,"79":20,"80":1,"81":1,"82":0,"83":0,"84":0,"85":1,"86":0,"87":0,"88":0,"89":0,"90":0,"91":0,"92":0,"93":0,"94":0,"95":0,"96":0,"97":0,"98":0,"99":0,"100":0,"101":1,"102":0,"103":0,"104":0,"105":1,"106":0,"107":0,"108":1,"109":0,"110":0,"111":0,"112":0,"113":1,"114":0,"115":0,"116":0,"117":0,"118":0,"119":0,"120":0,"121":0,"122":1,"123":0,"124":0,"125":0,"126":0,"127":1,"128":0,"129":0,"130":0,"131":0,"132":0,"133":0,"134":1,"135":0,"136":0,"137":0,"138":0,"139":0,"140":0,"141":0,"142":0,"143":0,"144":0,"145":0,"146":1,"147":0,"148":1,"149":0,"150":0,"151":0,"152":1,"153":0,"154":0,"155":1,"156":0,"157":0,"158":0,"159":0,"160":1,"161":2,"162":1,"163":0,"164":0,"165":0,"166":0,"167":0,"168":0,"169":0,"170":0,"171":0,"172":0,"173":0,"174":0,"175":0,"176":0,"177":0,"178":0,"179":0,"180":0,"181":0,"182":0,"183":1,"184":1,"185":1,"186":6,"187":1,"188":0,"189":1,"190":3,"191":3,"192":3,"193":3,"194":1,"195":2,"196":2,"197":2,"198":2,"199":0,"200":1,"201":1,"202":1,"203":0,"204":1,"205":1,"206":1,"207":1,"208":1,"209":1,"210":1,"211":1,"212":1,"213":1,"214":2,"215":1,"216":1,"217":0,"218":1,"219":0,"220":1,"221":1,"222":1,"223":1,"224":1,"225":0,"226":0,"227":0,"228":0,"229":0,"230":0},"f":{"0":18,"1":0,"2":0,"3":1,"4":1,"5":1,"6":0,"7":0,"8":0,"9":0,"10":21,"11":0,"12":0,"13":0,"14":0,"15":0,"16":0,"17":0,"18":0,"19":0,"20":0,"21":0,"22":0,"23":0,"24":0,"25":2,"26":0,"27":0,"28":0,"29":1,"30":0,"31":3,"32":1,"33":0},"b":{"0":[7,11],"1":[0,0],"2":[1,0],"3":[0,0],"4":[0,0],"5":[0,0],"6":[0,0],"7":[0,0],"8":[0,0],"9":[20,1],"10":[0,0],"11":[0,0],"12":[0,0,0],"13":[0,0],"14":[0,0],"15":[0,0],"16":[0,0],"17":[0,0],"18":[0,0],"19":[0],"20":[2,0],"21":[0,0],"22":[0],"23":[1,2],"24":[0,1],"25":[0,1],"26":[1,0],"27":[0,1],"28":[0,1],"29":[0,0],"30":[0,0]},"_coverageSchema":"1a1c01bbd47fc00a2c39e90264f33305004495a9","hash":"41711ae17710825ebab2866aaafbf5a5e4bf0ab8"}
}
