TN:
SF:src/HTML5AudioPlayer.js
FN:363,(anonymous_0)
FN:371,(anonymous_1)
FN:375,(anonymous_2)
FN:387,(anonymous_3)
FN:408,(anonymous_4)
FN:423,(anonymous_5)
FN:444,(anonymous_6)
FN:467,(anonymous_7)
FN:476,(anonymous_8)
FN:489,(anonymous_9)
FN:504,(anonymous_10)
FN:519,(anonymous_11)
FN:533,(anonymous_12)
FN:550,(anonymous_13)
FN:562,(anonymous_14)
FN:575,(anonymous_15)
FN:586,(anonymous_16)
FN:600,(anonymous_17)
FN:618,(anonymous_18)
FN:631,(anonymous_19)
FN:651,(anonymous_20)
FN:679,(anonymous_21)
FN:689,(anonymous_22)
FN:702,(anonymous_23)
FN:712,(anonymous_24)
FN:721,(anonymous_25)
FN:730,(anonymous_26)
FN:741,(anonymous_27)
FN:764,(anonymous_28)
FN:777,(anonymous_29)
FN:789,(anonymous_30)
FN:801,(anonymous_31)
FN:863,(anonymous_32)
FN:885,(anonymous_33)
FNF:34
FNH:9
FNDA:18,(anonymous_0)
FNDA:0,(anonymous_1)
FNDA:0,(anonymous_2)
FNDA:1,(anonymous_3)
FNDA:1,(anonymous_4)
FNDA:1,(anonymous_5)
FNDA:0,(anonymous_6)
FNDA:0,(anonymous_7)
FNDA:0,(anonymous_8)
FNDA:0,(anonymous_9)
FNDA:21,(anonymous_10)
FNDA:0,(anonymous_11)
FNDA:0,(anonymous_12)
FNDA:0,(anonymous_13)
FNDA:0,(anonymous_14)
FNDA:0,(anonymous_15)
FNDA:0,(anonymous_16)
FNDA:0,(anonymous_17)
FNDA:0,(anonymous_18)
FNDA:0,(anonymous_19)
FNDA:0,(anonymous_20)
FNDA:0,(anonymous_21)
FNDA:0,(anonymous_22)
FNDA:0,(anonymous_23)
FNDA:0,(anonymous_24)
FNDA:2,(anonymous_25)
FNDA:0,(anonymous_26)
FNDA:0,(anonymous_27)
FNDA:0,(anonymous_28)
FNDA:1,(anonymous_29)
FNDA:0,(anonymous_30)
FNDA:3,(anonymous_31)
FNDA:1,(anonymous_32)
FNDA:0,(anonymous_33)
DA:13,1
DA:20,1
DA:21,1
DA:22,1
DA:23,1
DA:24,1
DA:25,1
DA:26,1
DA:49,1
DA:50,1
DA:51,1
DA:52,1
DA:53,1
DA:57,1
DA:59,1
DA:61,1
DA:363,1
DA:364,18
DA:366,7
DA:368,11
DA:371,1
DA:372,0
DA:375,1
DA:376,0
DA:378,0
DA:387,1
DA:388,1
DA:390,1
DA:391,1
DA:392,1
DA:394,1
DA:395,1
DA:400,0
DA:408,1
DA:409,1
DA:410,1
DA:411,1
DA:412,1
DA:413,1
DA:414,1
DA:415,1
DA:423,1
DA:424,1
DA:425,1
DA:426,1
DA:427,1
DA:428,1
DA:429,1
DA:430,1
DA:431,1
DA:432,1
DA:433,1
DA:434,1
DA:444,1
DA:445,0
DA:446,0
DA:447,0
DA:448,0
DA:450,0
DA:453,0
DA:454,0
DA:455,0
DA:456,0
DA:457,0
DA:459,0
DA:467,1
DA:468,0
DA:476,1
DA:477,0
DA:478,0
DA:481,0
DA:489,1
DA:490,0
DA:492,0
DA:493,0
DA:496,0
DA:504,1
DA:505,21
DA:507,21
DA:508,20
DA:511,1
DA:519,1
DA:520,0
DA:521,0
DA:524,0
DA:533,1
DA:534,0
DA:535,0
DA:537,0
DA:538,0
DA:539,0
DA:540,0
DA:542,0
DA:543,0
DA:544,0
DA:546,0
DA:547,0
DA:548,0
DA:549,0
DA:550,0
DA:551,0
DA:562,1
DA:563,0
DA:564,0
DA:565,0
DA:575,1
DA:576,0
DA:577,0
DA:586,1
DA:587,0
DA:589,0
DA:590,0
DA:591,0
DA:600,1
DA:601,0
DA:602,0
DA:604,0
DA:605,0
DA:606,0
DA:607,0
DA:608,0
DA:609,0
DA:618,1
DA:619,0
DA:620,0
DA:621,0
DA:631,1
DA:633,0
DA:634,0
DA:635,0
DA:637,0
DA:638,0
DA:641,0
DA:651,1
DA:652,0
DA:653,0
DA:654,0
DA:655,0
DA:656,0
DA:659,0
DA:660,0
DA:664,0
DA:665,0
DA:667,0
DA:670,0
DA:679,1
DA:680,0
DA:689,1
DA:690,0
DA:691,0
DA:692,0
DA:702,1
DA:703,0
DA:704,0
DA:712,1
DA:713,0
DA:714,0
DA:716,0
DA:717,0
DA:721,1
DA:722,2
DA:730,1
DA:732,0
DA:734,0
DA:735,0
DA:741,0
DA:742,0
DA:743,0
DA:744,0
DA:748,0
DA:749,0
DA:750,0
DA:752,0
DA:756,0
DA:757,0
DA:758,0
DA:760,0
DA:762,0
DA:764,0
DA:765,0
DA:766,0
DA:777,1
DA:778,1
DA:779,6
DA:789,1
DA:790,0
DA:801,1
DA:802,3
DA:803,3
DA:805,3
DA:806,3
DA:807,1
DA:810,2
DA:812,2
DA:813,2
DA:815,2
DA:816,0
DA:819,1
DA:821,1
DA:823,1
DA:824,0
DA:827,1
DA:829,1
DA:839,1
DA:841,1
DA:842,1
DA:843,1
DA:844,1
DA:845,1
DA:847,1
DA:849,1
DA:853,2
DA:863,1
DA:864,1
DA:865,0
DA:868,1
DA:869,0
DA:872,1
DA:873,1
DA:874,1
DA:876,1
DA:885,1
DA:886,0
DA:887,0
DA:890,0
DA:891,0
DA:892,0
DA:894,0
LF:228
LH:110
BRDA:364,0,0,7
BRDA:364,0,1,11
BRDA:378,1,0,0
BRDA:378,1,1,0
BRDA:394,2,0,1
BRDA:394,2,1,0
BRDA:445,3,0,0
BRDA:445,3,1,0
BRDA:448,4,0,0
BRDA:448,4,1,0
BRDA:448,5,0,0
BRDA:448,5,1,0
BRDA:457,6,0,0
BRDA:457,6,1,0
BRDA:457,7,0,0
BRDA:457,7,1,0
BRDA:492,8,0,0
BRDA:492,8,1,0
BRDA:507,9,0,20
BRDA:507,9,1,1
BRDA:520,10,0,0
BRDA:520,10,1,0
BRDA:534,11,0,0
BRDA:534,11,1,0
BRDA:534,12,0,0
BRDA:534,12,1,0
BRDA:534,12,2,0
BRDA:563,13,0,0
BRDA:563,13,1,0
BRDA:601,14,0,0
BRDA:601,14,1,0
BRDA:601,15,0,0
BRDA:601,15,1,0
BRDA:637,16,0,0
BRDA:637,16,1,0
BRDA:659,17,0,0
BRDA:659,17,1,0
BRDA:716,18,0,0
BRDA:716,18,1,0
BRDA:721,19,0,0
BRDA:722,20,0,2
BRDA:722,20,1,0
BRDA:743,21,0,0
BRDA:743,21,1,0
BRDA:801,22,0,0
BRDA:806,23,0,1
BRDA:806,23,1,2
BRDA:815,24,0,0
BRDA:815,24,1,1
BRDA:823,25,0,0
BRDA:823,25,1,1
BRDA:839,26,0,1
BRDA:839,26,1,0
BRDA:864,27,0,0
BRDA:864,27,1,1
BRDA:868,28,0,0
BRDA:868,28,1,1
BRDA:886,29,0,0
BRDA:886,29,1,0
BRDA:886,30,0,0
BRDA:886,30,1,0
BRF:61
BRH:13
end_of_record
